0 info it worked if it ends with ok
1 verbose cli [ '/home/kyle/local/bin/node',
1 verbose cli   '/home/kyle/local/bin/npm',
1 verbose cli   'start' ]
2 info using npm@3.5.2
3 info using node@v5.3.0
4 verbose run-script [ 'prestart', 'start', 'poststart' ]
5 info lifecycle response-provider@0.0.0~prestart: response-provider@0.0.0
6 silly lifecycle response-provider@0.0.0~prestart: no script for prestart, continuing
7 info lifecycle response-provider@0.0.0~start: response-provider@0.0.0
8 verbose lifecycle response-provider@0.0.0~start: unsafe-perm in lifecycle true
9 verbose lifecycle response-provider@0.0.0~start: PATH: /home/kyle/local/lib/node_modules/npm/bin/node-gyp-bin:/home/kyle/Desktop/response-creator/node_modules/.bin:/home/kyle/local/bin:/usr/local/heroku/bin:/home/kyle/.rbenv/plugins/ruby-build/bin:/home/kyle/.rbenv/shims:/home/kyle/.rbenv/bin:/usr/local/sbin:/usr/local/bin:/usr/sbin:/usr/bin:/sbin:/bin:/usr/games:/usr/local/games
10 verbose lifecycle response-provider@0.0.0~start: CWD: /home/kyle/Desktop/response-creator
11 silly lifecycle response-provider@0.0.0~start: Args: [ '-c', 'node ./bin/www' ]
12 silly lifecycle response-provider@0.0.0~start: Returned: code: 1  signal: null
13 info lifecycle response-provider@0.0.0~start: Failed to exec start script
14 verbose stack Error: response-provider@0.0.0 start: `node ./bin/www`
14 verbose stack Exit status 1
14 verbose stack     at EventEmitter.<anonymous> (/home/kyle/local/lib/node_modules/npm/lib/utils/lifecycle.js:232:16)
14 verbose stack     at emitTwo (events.js:87:13)
14 verbose stack     at EventEmitter.emit (events.js:172:7)
14 verbose stack     at ChildProcess.<anonymous> (/home/kyle/local/lib/node_modules/npm/lib/utils/spawn.js:24:14)
14 verbose stack     at emitTwo (events.js:87:13)
14 verbose stack     at ChildProcess.emit (events.js:172:7)
14 verbose stack     at maybeClose (internal/child_process.js:818:16)
14 verbose stack     at Process.ChildProcess._handle.onexit (internal/child_process.js:211:5)
15 verbose pkgid response-provider@0.0.0
16 verbose cwd /home/kyle/Desktop/response-creator
17 error Linux 3.13.0-63-generic
18 error argv "/home/kyle/local/bin/node" "/home/kyle/local/bin/npm" "start"
19 error node v5.3.0
20 error npm  v3.5.2
21 error code ELIFECYCLE
22 error response-provider@0.0.0 start: `node ./bin/www`
22 error Exit status 1
23 error Failed at the response-provider@0.0.0 start script 'node ./bin/www'.
23 error Make sure you have the latest version of node.js and npm installed.
23 error If you do, this is most likely a problem with the response-provider package,
23 error not with npm itself.
23 error Tell the author that this fails on your system:
23 error     node ./bin/www
23 error You can get information on how to open an issue for this project with:
23 error     npm bugs response-provider
23 error Or if that isn't available, you can get their info via:
23 error     npm owner ls response-provider
23 error There is likely additional logging output above.
24 verbose exit [ 1, true ]
